<?xml version="1.0" encoding="UTF-8"?>
<!-- Generated by org.testng.reporters.JUnitReportReporter -->
<testsuite hostname="DESKTOP-3R0P461" failures="0" tests="13" name="TestCases.TestCases_of_CICA" time="0.072" errors="1" timestamp="2024-04-25T15:48:44 IST" skipped="12">
  <testcase classname="TestCases.TestCases_of_CICA" name="chromeLaunch" time="0.071">
    <error message="chromedriver at location ./Citizens_ProjectNewUpdated2/drivers/chromedriver.exe, does not exist
For documentation on this error, please visit: https://www.selenium.dev/documentation/webdriver/troubleshooting/errors/driver_location/
Build info: version: &#039;4.18.1&#039;, revision: &#039;b1d3319b48&#039;
System info: os.name: &#039;Windows 11&#039;, os.arch: &#039;amd64&#039;, os.version: &#039;10.0&#039;, java.version: &#039;17.0.6&#039;
Driver info: driver.version: ChromeDriver" type="org.openqa.selenium.remote.NoSuchDriverException">
      <![CDATA[org.openqa.selenium.remote.NoSuchDriverException: chromedriver at location ./Citizens_ProjectNewUpdated2/drivers/chromedriver.exe, does not exist
For documentation on this error, please visit: https://www.selenium.dev/documentation/webdriver/troubleshooting/errors/driver_location/
Build info: version: '4.18.1', revision: 'b1d3319b48'
System info: os.name: 'Windows 11', os.arch: 'amd64', os.version: '10.0', java.version: '17.0.6'
Driver info: driver.version: ChromeDriver
at org.openqa.selenium.remote.service.DriverFinder.getPath(DriverFinder.java:76)
at org.openqa.selenium.remote.service.DriverFinder.getPath(DriverFinder.java:33)
at org.openqa.selenium.chrome.ChromeDriver.generateExecutor(ChromeDriver.java:99)
at org.openqa.selenium.chrome.ChromeDriver.<init>(ChromeDriver.java:89)
at org.openqa.selenium.chrome.ChromeDriver.<init>(ChromeDriver.java:84)
at org.openqa.selenium.chrome.ChromeDriver.<init>(ChromeDriver.java:73)
at TestCases.TestCases_of_CICA.chromeLaunch(TestCases_of_CICA.java:132)
at java.base/jdk.internal.reflect.NativeMethodAccessorImpl.invoke0(Native Method)
at java.base/jdk.internal.reflect.NativeMethodAccessorImpl.invoke(NativeMethodAccessorImpl.java:77)
at java.base/jdk.internal.reflect.DelegatingMethodAccessorImpl.invoke(DelegatingMethodAccessorImpl.java:43)
at java.base/java.lang.reflect.Method.invoke(Method.java:568)
at org.testng.internal.invokers.MethodInvocationHelper.invokeMethod(MethodInvocationHelper.java:139)
at org.testng.internal.invokers.MethodInvocationHelper.invokeMethodConsideringTimeout(MethodInvocationHelper.java:69)
at org.testng.internal.invokers.ConfigInvoker.invokeConfigurationMethod(ConfigInvoker.java:361)
at org.testng.internal.invokers.ConfigInvoker.invokeConfigurations(ConfigInvoker.java:296)
at org.testng.TestRunner.invokeTestConfigurations(TestRunner.java:644)
at org.testng.TestRunner.beforeRun(TestRunner.java:633)
at org.testng.TestRunner.run(TestRunner.java:595)
at org.testng.SuiteRunner.runTest(SuiteRunner.java:437)
at org.testng.SuiteRunner.runSequentially(SuiteRunner.java:431)
at org.testng.SuiteRunner.privateRun(SuiteRunner.java:391)
at org.testng.SuiteRunner.run(SuiteRunner.java:330)
at org.testng.SuiteRunnerWorker.runSuite(SuiteRunnerWorker.java:52)
at org.testng.SuiteRunnerWorker.run(SuiteRunnerWorker.java:95)
at org.testng.TestNG.runSuitesSequentially(TestNG.java:1256)
at org.testng.TestNG.runSuitesLocally(TestNG.java:1176)
at org.testng.TestNG.runSuites(TestNG.java:1099)
at org.testng.TestNG.run(TestNG.java:1067)
at org.testng.remote.AbstractRemoteTestNG.run(AbstractRemoteTestNG.java:115)
at org.testng.remote.RemoteTestNG.initAndRun(RemoteTestNG.java:251)
at org.testng.remote.RemoteTestNG.main(RemoteTestNG.java:77)
]]>
    </error>
  </testcase> <!-- chromeLaunch -->
  <system-out/>
  <testcase classname="TestCases.TestCases_of_CICA" name="Login" time="0.000">
    <skipped/>
  </testcase> <!-- Login -->
  <system-out/>
  <testcase classname="TestCases.TestCases_of_CICA" name="Homepage" time="0.000">
    <skipped/>
  </testcase> <!-- Homepage -->
  <system-out/>
  <testcase classname="TestCases.TestCases_of_CICA" name="Step_1" time="0.000">
    <skipped/>
  </testcase> <!-- Step_1 -->
  <system-out/>
  <testcase classname="TestCases.TestCases_of_CICA" name="Step_2" time="0.000">
    <skipped/>
  </testcase> <!-- Step_2 -->
  <system-out/>
  <testcase classname="TestCases.TestCases_of_CICA" name="Step_3" time="0.000">
    <skipped/>
  </testcase> <!-- Step_3 -->
  <system-out/>
  <testcase classname="TestCases.TestCases_of_CICA" name="Step_4" time="0.000">
    <skipped/>
  </testcase> <!-- Step_4 -->
  <system-out/>
  <testcase classname="TestCases.TestCases_of_CICA" name="Step_5" time="0.000">
    <skipped/>
  </testcase> <!-- Step_5 -->
  <system-out/>
  <testcase classname="TestCases.TestCases_of_CICA" name="Step_6" time="0.000">
    <skipped/>
  </testcase> <!-- Step_6 -->
  <system-out/>
  <testcase classname="TestCases.TestCases_of_CICA" name="Step_7" time="0.000">
    <skipped/>
  </testcase> <!-- Step_7 -->
  <system-out/>
  <testcase classname="TestCases.TestCases_of_CICA" name="Step_8" time="0.000">
    <skipped/>
  </testcase> <!-- Step_8 -->
  <system-out/>
  <testcase classname="TestCases.TestCases_of_CICA" name="Update" time="0.001">
    <skipped/>
  </testcase> <!-- Update -->
  <system-out/>
  <testcase classname="TestCases.TestCases_of_CICA" name="Step_10" time="0.000">
    <skipped/>
  </testcase> <!-- Step_10 -->
  <system-out/>
</testsuite> <!-- TestCases.TestCases_of_CICA -->
